<?xml version="1.0" encoding="UTF-8"?>
<!-- Generated by org.testng.reporters.JUnitReportReporter -->
<testsuite hostname="P3B-6LHCNK2" name="demoWebDrivermethods.HerokuappLogin" tests="1" failures="0" timestamp="11 Dec 2019 05:01:08 GMT" time="13.007" errors="0">
  <testcase name="f" time="13.007" classname="demoWebDrivermethods.HerokuappLogin"/>
</testsuite> <!-- demoWebDrivermethods.HerokuappLogin -->
