<?xml version="1.0" encoding="UTF-8"?>
<!-- Generated by org.testng.reporters.JUnitReportReporter -->
<testsuite hostname="P3B-6LHCNK2" name="demoWebDrivermethods.duplicate" tests="1" failures="0" timestamp="12 Dec 2019 11:27:06 GMT" time="21.498" errors="0">
  <testcase name="f" time="21.498" classname="demoWebDrivermethods.duplicate"/>
</testsuite> <!-- demoWebDrivermethods.duplicate -->
