<?xml version="1.0" encoding="UTF-8"?>
<!-- Generated by org.testng.reporters.JUnitReportReporter -->
<testsuite hostname="P3B-6LHCNK2" name="demoWebDrivermethods.demoreadexcelfile" tests="1" failures="0" timestamp="12 Dec 2019 10:16:59 GMT" time="0.745" errors="0">
  <testcase name="f" time="0.745" classname="demoWebDrivermethods.demoreadexcelfile"/>
</testsuite> <!-- demoWebDrivermethods.demoreadexcelfile -->
