<?xml version="1.0" encoding="UTF-8"?>
<!-- Generated by org.testng.reporters.JUnitReportReporter -->
<testsuite hostname="P3B-6LHCNK2" name="basic.seleniumproject.demoreadexcel" tests="3" failures="0" timestamp="12 Dec 2019 11:27:59 GMT" time="21.259" errors="0">
  <testcase name="f" time="6.017" classname="basic.seleniumproject.demoreadexcel"/>
  <testcase name="f" time="9.003" classname="basic.seleniumproject.demoreadexcel"/>
  <testcase name="f" time="6.239" classname="basic.seleniumproject.demoreadexcel"/>
</testsuite> <!-- basic.seleniumproject.demoreadexcel -->
