<?xml version="1.0" encoding="UTF-8"?>
<!-- Generated by org.testng.reporters.JUnitReportReporter -->
<testsuite hostname="P3B-6LHCNK2" name="testNG.Mercuryapplication" tests="6" failures="0" timestamp="10 Dec 2019 11:06:56 GMT" time="0.007" errors="0">
  <testcase name="openBrowser" time="0.001" classname="testNG.Mercuryapplication"/>
  <testcase name="searchFlight" time="0.001" classname="testNG.Mercuryapplication"/>
  <testcase name="closeBrowser" time="0.001" classname="testNG.Mercuryapplication"/>
  <testcase name="Login" time="0.001" classname="testNG.Mercuryapplication"/>
  <testcase name="bookFlight" time="0.002" classname="testNG.Mercuryapplication"/>
  <testcase name="openURL" time="0.001" classname="testNG.Mercuryapplication"/>
</testsuite> <!-- testNG.Mercuryapplication -->
