<?xml version="1.0" encoding="UTF-8"?>
<!-- Generated by org.testng.reporters.JUnitReportReporter -->
<testsuite hostname="P3B-6LHCNK2" name="testNG.LoginMercury" tests="1" failures="0" timestamp="10 Dec 2019 11:06:56 GMT" time="6.632" errors="0">
  <testcase name="f" time="6.632" classname="testNG.LoginMercury"/>
</testsuite> <!-- testNG.LoginMercury -->
