<?xml version="1.0" encoding="UTF-8"?>
<!-- Generated by org.testng.reporters.JUnitReportReporter -->
<testsuite hostname="P3B-6LHCNK2" name="demoWebDrivermethods.Scnerio" tests="1" failures="0" timestamp="12 Dec 2019 06:05:52 GMT" time="48.606" errors="0">
  <testcase name="f" time="48.606" classname="demoWebDrivermethods.Scnerio"/>
</testsuite> <!-- demoWebDrivermethods.Scnerio -->
