<?xml version="1.0" encoding="UTF-8"?>
<!-- Generated by org.testng.reporters.JUnitReportReporter -->
<testsuite hostname="P3B-6LHCNK2" name="demoWebDrivermethods.automationtesting" tests="1" failures="0" timestamp="11 Dec 2019 12:36:07 GMT" time="27.926" errors="0">
  <testcase name="f" time="27.926" classname="demoWebDrivermethods.automationtesting"/>
</testsuite> <!-- demoWebDrivermethods.automationtesting -->
