<?xml version="1.0" encoding="UTF-8"?>
<!-- Generated by org.testng.reporters.JUnitReportReporter -->
<testsuite hostname="P3B-6LHCNK2" name="demoWebDrivermethods.frames" tests="1" failures="0" timestamp="11 Dec 2019 10:43:00 GMT" time="36.249" errors="0">
  <testcase name="f" time="36.249" classname="demoWebDrivermethods.frames"/>
</testsuite> <!-- demoWebDrivermethods.frames -->
