<?xml version="1.0" encoding="UTF-8"?>
<!-- Generated by org.testng.reporters.JUnitReportReporter -->
<testsuite hostname="P3B-6LHCNK2" name="demoWebDrivermethods.mouseclick" tests="1" failures="0" timestamp="11 Dec 2019 12:15:07 GMT" time="19.243" errors="0">
  <testcase name="f" time="19.243" classname="demoWebDrivermethods.mouseclick"/>
</testsuite> <!-- demoWebDrivermethods.mouseclick -->
