<?xml version="1.0" encoding="UTF-8"?>
<!-- Generated by org.testng.reporters.JUnitReportReporter -->
<testsuite hostname="P3B-6LHCNK2" name="testNG.executionsequence" tests="1" failures="0" timestamp="10 Dec 2019 11:06:56 GMT" time="0.000" errors="0">
  <testcase name="f" time="0.000" classname="testNG.executionsequence"/>
</testsuite> <!-- testNG.executionsequence -->
