<?xml version="1.0" encoding="UTF-8"?>
<!-- Generated by org.testng.reporters.JUnitReportReporter -->
<testsuite hostname="P3B-6LHCNK2" name="demoWebDrivermethods.CS3registration" tests="3" failures="0" timestamp="13 Dec 2019 11:34:08 GMT" time="29.047" errors="0">
  <testcase name="f2" time="18.464" classname="demoWebDrivermethods.CS3registration"/>
  <testcase name="f1" time="6.435" classname="demoWebDrivermethods.CS3registration"/>
  <testcase name="f" time="4.148" classname="demoWebDrivermethods.CS3registration"/>
</testsuite> <!-- demoWebDrivermethods.CS3registration -->
