<?xml version="1.0" encoding="UTF-8"?>
<!-- Generated by org.testng.reporters.JUnitReportReporter -->
<testsuite hostname="P3B-6LHCNK2" name="demoWebDrivermethods.democreateexcel" tests="1" failures="0" timestamp="12 Dec 2019 09:39:42 GMT" time="1.923" errors="0">
  <testcase name="f" time="1.923" classname="demoWebDrivermethods.democreateexcel"/>
</testsuite> <!-- demoWebDrivermethods.democreateexcel -->
